1583250600099	mozrunner::runner	INFO	Running command: "/Applications/Firefox.app/Contents/MacOS/firefox-bin" "-marionette" "-foreground" "-no-remote" "-profile" "/var/folders/sw/nqsjqtb94hn6889yddz_j1br0000gn/T/rust_mozprofileauEhB7"
1583250600624	addons.webextension.doh-rollout@mozilla.org	WARN	Loading extension 'doh-rollout@mozilla.org': Reading manifest: Invalid extension permission: networkStatus
1583250600652	addons.webextension.screenshots@mozilla.org	WARN	Loading extension 'screenshots@mozilla.org': Reading manifest: Invalid extension permission: mozillaAddons
1583250600652	addons.webextension.screenshots@mozilla.org	WARN	Loading extension 'screenshots@mozilla.org': Reading manifest: Invalid extension permission: telemetry
1583250600652	addons.webextension.screenshots@mozilla.org	WARN	Loading extension 'screenshots@mozilla.org': Reading manifest: Invalid extension permission: resource://pdf.js/
1583250600652	addons.webextension.screenshots@mozilla.org	WARN	Loading extension 'screenshots@mozilla.org': Reading manifest: Invalid extension permission: about:reader*
1583250602381	Marionette	INFO	Listening on port 61616
1583250602394	Marionette	WARN	TLS certificate errors will be ignored for this session
1583250614555	mozrunner::runner	INFO	Running command: "/Applications/Firefox.app/Contents/MacOS/firefox-bin" "-marionette" "-foreground" "-no-remote" "-profile" "/var/folders/sw/nqsjqtb94hn6889yddz_j1br0000gn/T/rust_mozprofileD201Ec"
1583250615131	addons.webextension.doh-rollout@mozilla.org	WARN	Loading extension 'doh-rollout@mozilla.org': Reading manifest: Invalid extension permission: networkStatus
1583250615166	addons.webextension.screenshots@mozilla.org	WARN	Loading extension 'screenshots@mozilla.org': Reading manifest: Invalid extension permission: mozillaAddons
1583250615166	addons.webextension.screenshots@mozilla.org	WARN	Loading extension 'screenshots@mozilla.org': Reading manifest: Invalid extension permission: telemetry
1583250615167	addons.webextension.screenshots@mozilla.org	WARN	Loading extension 'screenshots@mozilla.org': Reading manifest: Invalid extension permission: resource://pdf.js/
1583250615167	addons.webextension.screenshots@mozilla.org	WARN	Loading extension 'screenshots@mozilla.org': Reading manifest: Invalid extension permission: about:reader*
1583250616705	Marionette	INFO	Listening on port 61675
1583250616727	Marionette	WARN	TLS certificate errors will be ignored for this session
1583250626033	mozrunner::runner	INFO	Running command: "/Applications/Firefox.app/Contents/MacOS/firefox-bin" "-marionette" "-foreground" "-no-remote" "-profile" "/var/folders/sw/nqsjqtb94hn6889yddz_j1br0000gn/T/rust_mozprofiletzbw5i"
1583250626564	addons.webextension.doh-rollout@mozilla.org	WARN	Loading extension 'doh-rollout@mozilla.org': Reading manifest: Invalid extension permission: networkStatus
1583250626586	addons.webextension.screenshots@mozilla.org	WARN	Loading extension 'screenshots@mozilla.org': Reading manifest: Invalid extension permission: mozillaAddons
1583250626586	addons.webextension.screenshots@mozilla.org	WARN	Loading extension 'screenshots@mozilla.org': Reading manifest: Invalid extension permission: telemetry
1583250626586	addons.webextension.screenshots@mozilla.org	WARN	Loading extension 'screenshots@mozilla.org': Reading manifest: Invalid extension permission: resource://pdf.js/
1583250626586	addons.webextension.screenshots@mozilla.org	WARN	Loading extension 'screenshots@mozilla.org': Reading manifest: Invalid extension permission: about:reader*
1583250628190	Marionette	INFO	Listening on port 61734
1583250628212	Marionette	WARN	TLS certificate errors will be ignored for this session
1583251144187	mozrunner::runner	INFO	Running command: "/Applications/Firefox.app/Contents/MacOS/firefox-bin" "-marionette" "-foreground" "-no-remote" "-profile" "/var/folders/sw/nqsjqtb94hn6889yddz_j1br0000gn/T/rust_mozprofileQXt5Lc"
1583251144726	addons.webextension.doh-rollout@mozilla.org	WARN	Loading extension 'doh-rollout@mozilla.org': Reading manifest: Invalid extension permission: networkStatus
1583251144747	addons.webextension.screenshots@mozilla.org	WARN	Loading extension 'screenshots@mozilla.org': Reading manifest: Invalid extension permission: mozillaAddons
1583251144747	addons.webextension.screenshots@mozilla.org	WARN	Loading extension 'screenshots@mozilla.org': Reading manifest: Invalid extension permission: telemetry
1583251144747	addons.webextension.screenshots@mozilla.org	WARN	Loading extension 'screenshots@mozilla.org': Reading manifest: Invalid extension permission: resource://pdf.js/
1583251144747	addons.webextension.screenshots@mozilla.org	WARN	Loading extension 'screenshots@mozilla.org': Reading manifest: Invalid extension permission: about:reader*
1583251146562	Marionette	INFO	Listening on port 61864
1583251146666	Marionette	WARN	TLS certificate errors will be ignored for this session
1583252391494	Marionette	INFO	Stopped listening on port 61864
1583252395241	Marionette	INFO	Stopped listening on port 61734
1583252398184	Marionette	INFO	Stopped listening on port 61675
1583252401259	Marionette	INFO	Stopped listening on port 61616
1583278887129	mozrunner::runner	INFO	Running command: "/Applications/Firefox.app/Contents/MacOS/firefox-bin" "-marionette" "-foreground" "-no-remote" "-profile" "/var/folders/sw/nqsjqtb94hn6889yddz_j1br0000gn/T/rust_mozprofilefvvH3V"
1583278887664	addons.webextension.doh-rollout@mozilla.org	WARN	Loading extension 'doh-rollout@mozilla.org': Reading manifest: Invalid extension permission: networkStatus
1583278887692	addons.webextension.screenshots@mozilla.org	WARN	Loading extension 'screenshots@mozilla.org': Reading manifest: Invalid extension permission: mozillaAddons
1583278887692	addons.webextension.screenshots@mozilla.org	WARN	Loading extension 'screenshots@mozilla.org': Reading manifest: Invalid extension permission: telemetry
1583278887692	addons.webextension.screenshots@mozilla.org	WARN	Loading extension 'screenshots@mozilla.org': Reading manifest: Invalid extension permission: resource://pdf.js/
1583278887692	addons.webextension.screenshots@mozilla.org	WARN	Loading extension 'screenshots@mozilla.org': Reading manifest: Invalid extension permission: about:reader*
1583278889322	Marionette	INFO	Listening on port 63895
1583278889375	Marionette	WARN	TLS certificate errors will be ignored for this session
1583279781532	mozrunner::runner	INFO	Running command: "/Applications/Firefox.app/Contents/MacOS/firefox-bin" "-marionette" "-foreground" "-no-remote" "-profile" "/var/folders/sw/nqsjqtb94hn6889yddz_j1br0000gn/T/rust_mozprofiledZktHY"
1583279782009	addons.webextension.doh-rollout@mozilla.org	WARN	Loading extension 'doh-rollout@mozilla.org': Reading manifest: Invalid extension permission: networkStatus
1583279782034	addons.webextension.screenshots@mozilla.org	WARN	Loading extension 'screenshots@mozilla.org': Reading manifest: Invalid extension permission: mozillaAddons
1583279782034	addons.webextension.screenshots@mozilla.org	WARN	Loading extension 'screenshots@mozilla.org': Reading manifest: Invalid extension permission: telemetry
1583279782034	addons.webextension.screenshots@mozilla.org	WARN	Loading extension 'screenshots@mozilla.org': Reading manifest: Invalid extension permission: resource://pdf.js/
1583279782035	addons.webextension.screenshots@mozilla.org	WARN	Loading extension 'screenshots@mozilla.org': Reading manifest: Invalid extension permission: about:reader*
1583279783619	Marionette	INFO	Listening on port 64086
1583279783695	Marionette	WARN	TLS certificate errors will be ignored for this session
1583279836933	mozrunner::runner	INFO	Running command: "/Applications/Firefox.app/Contents/MacOS/firefox-bin" "-marionette" "-foreground" "-no-remote" "-profile" "/var/folders/sw/nqsjqtb94hn6889yddz_j1br0000gn/T/rust_mozprofileyvmjYt"
1583279837383	addons.webextension.doh-rollout@mozilla.org	WARN	Loading extension 'doh-rollout@mozilla.org': Reading manifest: Invalid extension permission: networkStatus
1583279837403	addons.webextension.screenshots@mozilla.org	WARN	Loading extension 'screenshots@mozilla.org': Reading manifest: Invalid extension permission: mozillaAddons
1583279837403	addons.webextension.screenshots@mozilla.org	WARN	Loading extension 'screenshots@mozilla.org': Reading manifest: Invalid extension permission: telemetry
1583279837403	addons.webextension.screenshots@mozilla.org	WARN	Loading extension 'screenshots@mozilla.org': Reading manifest: Invalid extension permission: resource://pdf.js/
1583279837403	addons.webextension.screenshots@mozilla.org	WARN	Loading extension 'screenshots@mozilla.org': Reading manifest: Invalid extension permission: about:reader*
1583279839038	Marionette	INFO	Listening on port 64149
1583279839099	Marionette	WARN	TLS certificate errors will be ignored for this session
1583279958391	mozrunner::runner	INFO	Running command: "/Applications/Firefox.app/Contents/MacOS/firefox-bin" "-marionette" "-foreground" "-no-remote" "-profile" "/var/folders/sw/nqsjqtb94hn6889yddz_j1br0000gn/T/rust_mozprofileqInQAf"
1583279958847	addons.webextension.doh-rollout@mozilla.org	WARN	Loading extension 'doh-rollout@mozilla.org': Reading manifest: Invalid extension permission: networkStatus
1583279958868	addons.webextension.screenshots@mozilla.org	WARN	Loading extension 'screenshots@mozilla.org': Reading manifest: Invalid extension permission: mozillaAddons
1583279958869	addons.webextension.screenshots@mozilla.org	WARN	Loading extension 'screenshots@mozilla.org': Reading manifest: Invalid extension permission: telemetry
1583279958869	addons.webextension.screenshots@mozilla.org	WARN	Loading extension 'screenshots@mozilla.org': Reading manifest: Invalid extension permission: resource://pdf.js/
1583279958869	addons.webextension.screenshots@mozilla.org	WARN	Loading extension 'screenshots@mozilla.org': Reading manifest: Invalid extension permission: about:reader*
1583279960471	Marionette	INFO	Listening on port 64224
1583279960567	Marionette	WARN	TLS certificate errors will be ignored for this session
1583280166465	mozrunner::runner	INFO	Running command: "/Applications/Firefox.app/Contents/MacOS/firefox-bin" "-marionette" "-foreground" "-no-remote" "-profile" "/var/folders/sw/nqsjqtb94hn6889yddz_j1br0000gn/T/rust_mozprofilez5NFWX"
1583280166953	addons.webextension.doh-rollout@mozilla.org	WARN	Loading extension 'doh-rollout@mozilla.org': Reading manifest: Invalid extension permission: networkStatus
1583280166974	addons.webextension.screenshots@mozilla.org	WARN	Loading extension 'screenshots@mozilla.org': Reading manifest: Invalid extension permission: mozillaAddons
1583280166974	addons.webextension.screenshots@mozilla.org	WARN	Loading extension 'screenshots@mozilla.org': Reading manifest: Invalid extension permission: telemetry
1583280166974	addons.webextension.screenshots@mozilla.org	WARN	Loading extension 'screenshots@mozilla.org': Reading manifest: Invalid extension permission: resource://pdf.js/
1583280166974	addons.webextension.screenshots@mozilla.org	WARN	Loading extension 'screenshots@mozilla.org': Reading manifest: Invalid extension permission: about:reader*
1583280168696	Marionette	INFO	Listening on port 64300
1583280168719	Marionette	WARN	TLS certificate errors will be ignored for this session
1583280267123	mozrunner::runner	INFO	Running command: "/Applications/Firefox.app/Contents/MacOS/firefox-bin" "-marionette" "-foreground" "-no-remote" "-profile" "/var/folders/sw/nqsjqtb94hn6889yddz_j1br0000gn/T/rust_mozprofilehIvBLQ"
1583280267638	addons.webextension.doh-rollout@mozilla.org	WARN	Loading extension 'doh-rollout@mozilla.org': Reading manifest: Invalid extension permission: networkStatus
1583280267660	addons.webextension.screenshots@mozilla.org	WARN	Loading extension 'screenshots@mozilla.org': Reading manifest: Invalid extension permission: mozillaAddons
1583280267660	addons.webextension.screenshots@mozilla.org	WARN	Loading extension 'screenshots@mozilla.org': Reading manifest: Invalid extension permission: telemetry
1583280267660	addons.webextension.screenshots@mozilla.org	WARN	Loading extension 'screenshots@mozilla.org': Reading manifest: Invalid extension permission: resource://pdf.js/
1583280267660	addons.webextension.screenshots@mozilla.org	WARN	Loading extension 'screenshots@mozilla.org': Reading manifest: Invalid extension permission: about:reader*
1583280269373	Marionette	INFO	Listening on port 64374
1583280269383	Marionette	WARN	TLS certificate errors will be ignored for this session
1583280324893	mozrunner::runner	INFO	Running command: "/Applications/Firefox.app/Contents/MacOS/firefox-bin" "-marionette" "-foreground" "-no-remote" "-profile" "/var/folders/sw/nqsjqtb94hn6889yddz_j1br0000gn/T/rust_mozprofileH7VKTs"
1583280325395	addons.webextension.doh-rollout@mozilla.org	WARN	Loading extension 'doh-rollout@mozilla.org': Reading manifest: Invalid extension permission: networkStatus
1583280325416	addons.webextension.screenshots@mozilla.org	WARN	Loading extension 'screenshots@mozilla.org': Reading manifest: Invalid extension permission: mozillaAddons
1583280325416	addons.webextension.screenshots@mozilla.org	WARN	Loading extension 'screenshots@mozilla.org': Reading manifest: Invalid extension permission: telemetry
1583280325417	addons.webextension.screenshots@mozilla.org	WARN	Loading extension 'screenshots@mozilla.org': Reading manifest: Invalid extension permission: resource://pdf.js/
1583280325417	addons.webextension.screenshots@mozilla.org	WARN	Loading extension 'screenshots@mozilla.org': Reading manifest: Invalid extension permission: about:reader*
1583280327231	Marionette	INFO	Listening on port 64438
1583280327257	Marionette	WARN	TLS certificate errors will be ignored for this session
1583280344101	Marionette	INFO	Stopped listening on port 64438
1583280350529	Marionette	INFO	Stopped listening on port 64374
1583280354268	Marionette	INFO	Stopped listening on port 64300
1583280357664	Marionette	INFO	Stopped listening on port 64224
1583280365669	Marionette	INFO	Stopped listening on port 64149
1583280369139	Marionette	INFO	Stopped listening on port 64086
1583280374718	Marionette	INFO	Stopped listening on port 63895
1583280395414	mozrunner::runner	INFO	Running command: "/Applications/Firefox.app/Contents/MacOS/firefox-bin" "-marionette" "-foreground" "-no-remote" "-profile" "/var/folders/sw/nqsjqtb94hn6889yddz_j1br0000gn/T/rust_mozprofilehba1Fi"
1583280395787	addons.webextension.doh-rollout@mozilla.org	WARN	Loading extension 'doh-rollout@mozilla.org': Reading manifest: Invalid extension permission: networkStatus
1583280395808	addons.webextension.screenshots@mozilla.org	WARN	Loading extension 'screenshots@mozilla.org': Reading manifest: Invalid extension permission: mozillaAddons
1583280395808	addons.webextension.screenshots@mozilla.org	WARN	Loading extension 'screenshots@mozilla.org': Reading manifest: Invalid extension permission: telemetry
1583280395808	addons.webextension.screenshots@mozilla.org	WARN	Loading extension 'screenshots@mozilla.org': Reading manifest: Invalid extension permission: resource://pdf.js/
1583280395808	addons.webextension.screenshots@mozilla.org	WARN	Loading extension 'screenshots@mozilla.org': Reading manifest: Invalid extension permission: about:reader*
1583280397392	Marionette	INFO	Listening on port 64508
1583280397476	Marionette	WARN	TLS certificate errors will be ignored for this session
1583280425037	mozrunner::runner	INFO	Running command: "/Applications/Firefox.app/Contents/MacOS/firefox-bin" "-marionette" "-foreground" "-no-remote" "-profile" "/var/folders/sw/nqsjqtb94hn6889yddz_j1br0000gn/T/rust_mozprofileUc02fq"
1583280425388	addons.webextension.doh-rollout@mozilla.org	WARN	Loading extension 'doh-rollout@mozilla.org': Reading manifest: Invalid extension permission: networkStatus
1583280425413	addons.webextension.screenshots@mozilla.org	WARN	Loading extension 'screenshots@mozilla.org': Reading manifest: Invalid extension permission: mozillaAddons
1583280425413	addons.webextension.screenshots@mozilla.org	WARN	Loading extension 'screenshots@mozilla.org': Reading manifest: Invalid extension permission: telemetry
1583280425413	addons.webextension.screenshots@mozilla.org	WARN	Loading extension 'screenshots@mozilla.org': Reading manifest: Invalid extension permission: resource://pdf.js/
1583280425413	addons.webextension.screenshots@mozilla.org	WARN	Loading extension 'screenshots@mozilla.org': Reading manifest: Invalid extension permission: about:reader*
1583280427013	Marionette	INFO	Listening on port 64570
1583280427088	Marionette	WARN	TLS certificate errors will be ignored for this session
1583280456288	mozrunner::runner	INFO	Running command: "/Applications/Firefox.app/Contents/MacOS/firefox-bin" "-marionette" "-foreground" "-no-remote" "-profile" "/var/folders/sw/nqsjqtb94hn6889yddz_j1br0000gn/T/rust_mozprofileeB6qZs"
1583280456655	addons.webextension.doh-rollout@mozilla.org	WARN	Loading extension 'doh-rollout@mozilla.org': Reading manifest: Invalid extension permission: networkStatus
1583280456678	addons.webextension.screenshots@mozilla.org	WARN	Loading extension 'screenshots@mozilla.org': Reading manifest: Invalid extension permission: mozillaAddons
1583280456678	addons.webextension.screenshots@mozilla.org	WARN	Loading extension 'screenshots@mozilla.org': Reading manifest: Invalid extension permission: telemetry
1583280456678	addons.webextension.screenshots@mozilla.org	WARN	Loading extension 'screenshots@mozilla.org': Reading manifest: Invalid extension permission: resource://pdf.js/
1583280456678	addons.webextension.screenshots@mozilla.org	WARN	Loading extension 'screenshots@mozilla.org': Reading manifest: Invalid extension permission: about:reader*
1583280458244	Marionette	INFO	Listening on port 64635
1583280458336	Marionette	WARN	TLS certificate errors will be ignored for this session
1583280520079	mozrunner::runner	INFO	Running command: "/Applications/Firefox.app/Contents/MacOS/firefox-bin" "-marionette" "-foreground" "-no-remote" "-profile" "/var/folders/sw/nqsjqtb94hn6889yddz_j1br0000gn/T/rust_mozprofileVSIVAF"
1583280520494	addons.webextension.doh-rollout@mozilla.org	WARN	Loading extension 'doh-rollout@mozilla.org': Reading manifest: Invalid extension permission: networkStatus
1583280520515	addons.webextension.screenshots@mozilla.org	WARN	Loading extension 'screenshots@mozilla.org': Reading manifest: Invalid extension permission: mozillaAddons
1583280520515	addons.webextension.screenshots@mozilla.org	WARN	Loading extension 'screenshots@mozilla.org': Reading manifest: Invalid extension permission: telemetry
1583280520515	addons.webextension.screenshots@mozilla.org	WARN	Loading extension 'screenshots@mozilla.org': Reading manifest: Invalid extension permission: resource://pdf.js/
1583280520515	addons.webextension.screenshots@mozilla.org	WARN	Loading extension 'screenshots@mozilla.org': Reading manifest: Invalid extension permission: about:reader*
1583280522078	Marionette	INFO	Listening on port 64696
1583280522146	Marionette	WARN	TLS certificate errors will be ignored for this session
1583281782084	mozrunner::runner	INFO	Running command: "/Applications/Firefox.app/Contents/MacOS/firefox-bin" "-marionette" "-foreground" "-no-remote" "-profile" "/var/folders/sw/nqsjqtb94hn6889yddz_j1br0000gn/T/rust_mozprofilesZGi9D"
1583281782485	addons.webextension.doh-rollout@mozilla.org	WARN	Loading extension 'doh-rollout@mozilla.org': Reading manifest: Invalid extension permission: networkStatus
1583281782509	addons.webextension.screenshots@mozilla.org	WARN	Loading extension 'screenshots@mozilla.org': Reading manifest: Invalid extension permission: mozillaAddons
1583281782510	addons.webextension.screenshots@mozilla.org	WARN	Loading extension 'screenshots@mozilla.org': Reading manifest: Invalid extension permission: telemetry
1583281782510	addons.webextension.screenshots@mozilla.org	WARN	Loading extension 'screenshots@mozilla.org': Reading manifest: Invalid extension permission: resource://pdf.js/
1583281782510	addons.webextension.screenshots@mozilla.org	WARN	Loading extension 'screenshots@mozilla.org': Reading manifest: Invalid extension permission: about:reader*
1583281784142	Marionette	INFO	Listening on port 64952
1583281784154	Marionette	WARN	TLS certificate errors will be ignored for this session
1583289730742	mozrunner::runner	INFO	Running command: "/Applications/Firefox.app/Contents/MacOS/firefox-bin" "-marionette" "-foreground" "-no-remote" "-profile" "/var/folders/sw/nqsjqtb94hn6889yddz_j1br0000gn/T/rust_mozprofileEhoxG2"
1583289731190	addons.webextension.doh-rollout@mozilla.org	WARN	Loading extension 'doh-rollout@mozilla.org': Reading manifest: Invalid extension permission: networkStatus
1583289731215	addons.webextension.screenshots@mozilla.org	WARN	Loading extension 'screenshots@mozilla.org': Reading manifest: Invalid extension permission: mozillaAddons
1583289731215	addons.webextension.screenshots@mozilla.org	WARN	Loading extension 'screenshots@mozilla.org': Reading manifest: Invalid extension permission: telemetry
1583289731216	addons.webextension.screenshots@mozilla.org	WARN	Loading extension 'screenshots@mozilla.org': Reading manifest: Invalid extension permission: resource://pdf.js/
1583289731216	addons.webextension.screenshots@mozilla.org	WARN	Loading extension 'screenshots@mozilla.org': Reading manifest: Invalid extension permission: about:reader*
1583289732706	Marionette	INFO	Listening on port 50172
1583289732814	Marionette	WARN	TLS certificate errors will be ignored for this session
JavaScript warning: https://mars.nasa.gov/assets/public_manifest-076cf7f80cccb4056eac0fffddf9360fd7fa7cc779f9b9a2f48d0b629ea11fd1.js, line 2: Using //@ to indicate sourceMappingURL pragmas is deprecated. Use //# instead
JavaScript error: https://mars.nasa.gov/assets/mb_manifest-a0ae601bc18c852649e350709ab440161da58529f782ae84172c21f8ea27b714.js, line 1: TypeError: this.setViewportHeightVariable is not a function
1583289736964	mozrunner::runner	INFO	Running command: "/Applications/Firefox.app/Contents/MacOS/firefox-bin" "-marionette" "-foreground" "-no-remote" "-profile" "/var/folders/sw/nqsjqtb94hn6889yddz_j1br0000gn/T/rust_mozprofileeQdSM1"
1583289737528	addons.webextension.doh-rollout@mozilla.org	WARN	Loading extension 'doh-rollout@mozilla.org': Reading manifest: Invalid extension permission: networkStatus
1583289737588	addons.webextension.screenshots@mozilla.org	WARN	Loading extension 'screenshots@mozilla.org': Reading manifest: Invalid extension permission: mozillaAddons
1583289737588	addons.webextension.screenshots@mozilla.org	WARN	Loading extension 'screenshots@mozilla.org': Reading manifest: Invalid extension permission: telemetry
1583289737589	addons.webextension.screenshots@mozilla.org	WARN	Loading extension 'screenshots@mozilla.org': Reading manifest: Invalid extension permission: resource://pdf.js/
1583289737589	addons.webextension.screenshots@mozilla.org	WARN	Loading extension 'screenshots@mozilla.org': Reading manifest: Invalid extension permission: about:reader*
1583289739314	Marionette	INFO	Listening on port 50260
1583289739344	Marionette	WARN	TLS certificate errors will be ignored for this session
JavaScript warning: https://mars.nasa.gov/assets/public_manifest-076cf7f80cccb4056eac0fffddf9360fd7fa7cc779f9b9a2f48d0b629ea11fd1.js, line 2: Using //@ to indicate sourceMappingURL pragmas is deprecated. Use //# instead
JavaScript error: https://mars.nasa.gov/assets/mb_manifest-a0ae601bc18c852649e350709ab440161da58529f782ae84172c21f8ea27b714.js, line 1: TypeError: this.setViewportHeightVariable is not a function
1583289890505	mozrunner::runner	INFO	Running command: "/Applications/Firefox.app/Contents/MacOS/firefox-bin" "-marionette" "-foreground" "-no-remote" "-profile" "/var/folders/sw/nqsjqtb94hn6889yddz_j1br0000gn/T/rust_mozprofile5PuyWm"
1583289890977	addons.webextension.doh-rollout@mozilla.org	WARN	Loading extension 'doh-rollout@mozilla.org': Reading manifest: Invalid extension permission: networkStatus
1583289890999	addons.webextension.screenshots@mozilla.org	WARN	Loading extension 'screenshots@mozilla.org': Reading manifest: Invalid extension permission: mozillaAddons
1583289890999	addons.webextension.screenshots@mozilla.org	WARN	Loading extension 'screenshots@mozilla.org': Reading manifest: Invalid extension permission: telemetry
1583289890999	addons.webextension.screenshots@mozilla.org	WARN	Loading extension 'screenshots@mozilla.org': Reading manifest: Invalid extension permission: resource://pdf.js/
1583289890999	addons.webextension.screenshots@mozilla.org	WARN	Loading extension 'screenshots@mozilla.org': Reading manifest: Invalid extension permission: about:reader*
1583289898658	Marionette	INFO	Listening on port 50416
1583289898750	Marionette	WARN	TLS certificate errors will be ignored for this session
JavaScript warning: https://mars.nasa.gov/assets/public_manifest-076cf7f80cccb4056eac0fffddf9360fd7fa7cc779f9b9a2f48d0b629ea11fd1.js, line 2: Using //@ to indicate sourceMappingURL pragmas is deprecated. Use //# instead
JavaScript error: https://mars.nasa.gov/assets/mb_manifest-a0ae601bc18c852649e350709ab440161da58529f782ae84172c21f8ea27b714.js, line 1: TypeError: this.setViewportHeightVariable is not a function
JavaScript error: https://twitter.com/marswxreport?lang=en, line 148: Error: 
JavaScript error: resource:///actors/ContentMetaChild.jsm, line 167: InvalidStateError: An attempt was made to use an object that is not, or is no longer, usable
JavaScript error: resource:///actors/ContentMetaChild.jsm, line 167: InvalidStateError: An attempt was made to use an object that is not, or is no longer, usable
1583289972624	Marionette	INFO	Stopped listening on port 50416
1583289982746	Marionette	INFO	Stopped listening on port 50260
1583289988899	Marionette	INFO	Stopped listening on port 50172
1583289994254	Marionette	INFO	Stopped listening on port 64952
1583289998556	Marionette	INFO	Stopped listening on port 64696
1583290002161	Marionette	INFO	Stopped listening on port 64635
1583290007402	Marionette	INFO	Stopped listening on port 64570
1583290011399	Marionette	INFO	Stopped listening on port 64508
1583290048290	mozrunner::runner	INFO	Running command: "/Applications/Firefox.app/Contents/MacOS/firefox-bin" "-marionette" "-foreground" "-no-remote" "-profile" "/var/folders/sw/nqsjqtb94hn6889yddz_j1br0000gn/T/rust_mozprofilerqbnO6"
1583290048698	addons.webextension.doh-rollout@mozilla.org	WARN	Loading extension 'doh-rollout@mozilla.org': Reading manifest: Invalid extension permission: networkStatus
1583290048721	addons.webextension.screenshots@mozilla.org	WARN	Loading extension 'screenshots@mozilla.org': Reading manifest: Invalid extension permission: mozillaAddons
1583290048721	addons.webextension.screenshots@mozilla.org	WARN	Loading extension 'screenshots@mozilla.org': Reading manifest: Invalid extension permission: telemetry
1583290048721	addons.webextension.screenshots@mozilla.org	WARN	Loading extension 'screenshots@mozilla.org': Reading manifest: Invalid extension permission: resource://pdf.js/
1583290048721	addons.webextension.screenshots@mozilla.org	WARN	Loading extension 'screenshots@mozilla.org': Reading manifest: Invalid extension permission: about:reader*
1583290050195	Marionette	INFO	Listening on port 50634
1583290050246	Marionette	WARN	TLS certificate errors will be ignored for this session
JavaScript warning: https://mars.nasa.gov/assets/public_manifest-076cf7f80cccb4056eac0fffddf9360fd7fa7cc779f9b9a2f48d0b629ea11fd1.js, line 2: Using //@ to indicate sourceMappingURL pragmas is deprecated. Use //# instead
JavaScript error: https://mars.nasa.gov/assets/mb_manifest-a0ae601bc18c852649e350709ab440161da58529f782ae84172c21f8ea27b714.js, line 1: TypeError: this.setViewportHeightVariable is not a function
JavaScript error: https://twitter.com/marswxreport?lang=en, line 148: Error: 
JavaScript error: resource:///actors/ContentMetaChild.jsm, line 167: InvalidStateError: An attempt was made to use an object that is not, or is no longer, usable
JavaScript error: resource:///actors/ContentMetaChild.jsm, line 167: InvalidStateError: An attempt was made to use an object that is not, or is no longer, usable
1583290486828	mozrunner::runner	INFO	Running command: "/Applications/Firefox.app/Contents/MacOS/firefox-bin" "-marionette" "-foreground" "-no-remote" "-profile" "/var/folders/sw/nqsjqtb94hn6889yddz_j1br0000gn/T/rust_mozprofileQLlEgm"
1583290487264	addons.webextension.doh-rollout@mozilla.org	WARN	Loading extension 'doh-rollout@mozilla.org': Reading manifest: Invalid extension permission: networkStatus
1583290487289	addons.webextension.screenshots@mozilla.org	WARN	Loading extension 'screenshots@mozilla.org': Reading manifest: Invalid extension permission: mozillaAddons
1583290487289	addons.webextension.screenshots@mozilla.org	WARN	Loading extension 'screenshots@mozilla.org': Reading manifest: Invalid extension permission: telemetry
1583290487289	addons.webextension.screenshots@mozilla.org	WARN	Loading extension 'screenshots@mozilla.org': Reading manifest: Invalid extension permission: resource://pdf.js/
1583290487289	addons.webextension.screenshots@mozilla.org	WARN	Loading extension 'screenshots@mozilla.org': Reading manifest: Invalid extension permission: about:reader*
1583290488879	Marionette	INFO	Listening on port 50804
1583290488893	Marionette	WARN	TLS certificate errors will be ignored for this session
JavaScript warning: https://mars.nasa.gov/assets/public_manifest-076cf7f80cccb4056eac0fffddf9360fd7fa7cc779f9b9a2f48d0b629ea11fd1.js, line 2: Using //@ to indicate sourceMappingURL pragmas is deprecated. Use //# instead
JavaScript error: https://mars.nasa.gov/assets/mb_manifest-a0ae601bc18c852649e350709ab440161da58529f782ae84172c21f8ea27b714.js, line 1: TypeError: this.setViewportHeightVariable is not a function
1583290629066	Marionette	INFO	Stopped listening on port 50804
1583290633136	Marionette	INFO	Stopped listening on port 50634
1583290637366	mozrunner::runner	INFO	Running command: "/Applications/Firefox.app/Contents/MacOS/firefox-bin" "-marionette" "-foreground" "-no-remote" "-profile" "/var/folders/sw/nqsjqtb94hn6889yddz_j1br0000gn/T/rust_mozprofilebvEd2l"
1583290637741	addons.webextension.doh-rollout@mozilla.org	WARN	Loading extension 'doh-rollout@mozilla.org': Reading manifest: Invalid extension permission: networkStatus
1583290637767	addons.webextension.screenshots@mozilla.org	WARN	Loading extension 'screenshots@mozilla.org': Reading manifest: Invalid extension permission: mozillaAddons
1583290637767	addons.webextension.screenshots@mozilla.org	WARN	Loading extension 'screenshots@mozilla.org': Reading manifest: Invalid extension permission: telemetry
1583290637767	addons.webextension.screenshots@mozilla.org	WARN	Loading extension 'screenshots@mozilla.org': Reading manifest: Invalid extension permission: resource://pdf.js/
1583290637767	addons.webextension.screenshots@mozilla.org	WARN	Loading extension 'screenshots@mozilla.org': Reading manifest: Invalid extension permission: about:reader*
1583290639355	Marionette	INFO	Listening on port 50936
1583290639407	Marionette	WARN	TLS certificate errors will be ignored for this session
JavaScript warning: https://mars.nasa.gov/assets/public_manifest-076cf7f80cccb4056eac0fffddf9360fd7fa7cc779f9b9a2f48d0b629ea11fd1.js, line 2: Using //@ to indicate sourceMappingURL pragmas is deprecated. Use //# instead
JavaScript error: https://mars.nasa.gov/assets/mb_manifest-a0ae601bc18c852649e350709ab440161da58529f782ae84172c21f8ea27b714.js, line 1: TypeError: this.setViewportHeightVariable is not a function
1583290745060	mozrunner::runner	INFO	Running command: "/Applications/Firefox.app/Contents/MacOS/firefox-bin" "-marionette" "-foreground" "-no-remote" "-profile" "/var/folders/sw/nqsjqtb94hn6889yddz_j1br0000gn/T/rust_mozprofile09MqY9"
1583290745445	addons.webextension.doh-rollout@mozilla.org	WARN	Loading extension 'doh-rollout@mozilla.org': Reading manifest: Invalid extension permission: networkStatus
1583290745467	addons.webextension.screenshots@mozilla.org	WARN	Loading extension 'screenshots@mozilla.org': Reading manifest: Invalid extension permission: mozillaAddons
1583290745468	addons.webextension.screenshots@mozilla.org	WARN	Loading extension 'screenshots@mozilla.org': Reading manifest: Invalid extension permission: telemetry
1583290745468	addons.webextension.screenshots@mozilla.org	WARN	Loading extension 'screenshots@mozilla.org': Reading manifest: Invalid extension permission: resource://pdf.js/
1583290745468	addons.webextension.screenshots@mozilla.org	WARN	Loading extension 'screenshots@mozilla.org': Reading manifest: Invalid extension permission: about:reader*
1583290747082	Marionette	INFO	Listening on port 51045
1583290747120	Marionette	WARN	TLS certificate errors will be ignored for this session
JavaScript warning: https://mars.nasa.gov/assets/public_manifest-076cf7f80cccb4056eac0fffddf9360fd7fa7cc779f9b9a2f48d0b629ea11fd1.js, line 2: Using //@ to indicate sourceMappingURL pragmas is deprecated. Use //# instead
JavaScript error: https://mars.nasa.gov/assets/mb_manifest-a0ae601bc18c852649e350709ab440161da58529f782ae84172c21f8ea27b714.js, line 1: TypeError: this.setViewportHeightVariable is not a function
JavaScript error: resource:///actors/ContentMetaChild.jsm, line 167: InvalidStateError: An attempt was made to use an object that is not, or is no longer, usable
JavaScript error: resource:///actors/ContentMetaChild.jsm, line 167: InvalidStateError: An attempt was made to use an object that is not, or is no longer, usable
1583290777290	mozrunner::runner	INFO	Running command: "/Applications/Firefox.app/Contents/MacOS/firefox-bin" "-marionette" "-foreground" "-no-remote" "-profile" "/var/folders/sw/nqsjqtb94hn6889yddz_j1br0000gn/T/rust_mozprofilem4lBNl"
1583290777688	addons.webextension.doh-rollout@mozilla.org	WARN	Loading extension 'doh-rollout@mozilla.org': Reading manifest: Invalid extension permission: networkStatus
1583290777709	addons.webextension.screenshots@mozilla.org	WARN	Loading extension 'screenshots@mozilla.org': Reading manifest: Invalid extension permission: mozillaAddons
1583290777710	addons.webextension.screenshots@mozilla.org	WARN	Loading extension 'screenshots@mozilla.org': Reading manifest: Invalid extension permission: telemetry
1583290777710	addons.webextension.screenshots@mozilla.org	WARN	Loading extension 'screenshots@mozilla.org': Reading manifest: Invalid extension permission: resource://pdf.js/
1583290777710	addons.webextension.screenshots@mozilla.org	WARN	Loading extension 'screenshots@mozilla.org': Reading manifest: Invalid extension permission: about:reader*
1583290779347	Marionette	INFO	Listening on port 51169
1583290779451	Marionette	WARN	TLS certificate errors will be ignored for this session
JavaScript warning: https://mars.nasa.gov/assets/public_manifest-076cf7f80cccb4056eac0fffddf9360fd7fa7cc779f9b9a2f48d0b629ea11fd1.js, line 2: Using //@ to indicate sourceMappingURL pragmas is deprecated. Use //# instead
JavaScript error: https://mars.nasa.gov/assets/mb_manifest-a0ae601bc18c852649e350709ab440161da58529f782ae84172c21f8ea27b714.js, line 1: TypeError: this.setViewportHeightVariable is not a function
JavaScript error: resource:///actors/ContentMetaChild.jsm, line 167: InvalidStateError: An attempt was made to use an object that is not, or is no longer, usable
JavaScript error: resource:///actors/ContentMetaChild.jsm, line 167: InvalidStateError: An attempt was made to use an object that is not, or is no longer, usable
1583290860676	mozrunner::runner	INFO	Running command: "/Applications/Firefox.app/Contents/MacOS/firefox-bin" "-marionette" "-foreground" "-no-remote" "-profile" "/var/folders/sw/nqsjqtb94hn6889yddz_j1br0000gn/T/rust_mozprofile6T3Mp3"
1583290861079	addons.webextension.doh-rollout@mozilla.org	WARN	Loading extension 'doh-rollout@mozilla.org': Reading manifest: Invalid extension permission: networkStatus
1583290861101	addons.webextension.screenshots@mozilla.org	WARN	Loading extension 'screenshots@mozilla.org': Reading manifest: Invalid extension permission: mozillaAddons
1583290861101	addons.webextension.screenshots@mozilla.org	WARN	Loading extension 'screenshots@mozilla.org': Reading manifest: Invalid extension permission: telemetry
1583290861101	addons.webextension.screenshots@mozilla.org	WARN	Loading extension 'screenshots@mozilla.org': Reading manifest: Invalid extension permission: resource://pdf.js/
1583290861101	addons.webextension.screenshots@mozilla.org	WARN	Loading extension 'screenshots@mozilla.org': Reading manifest: Invalid extension permission: about:reader*
1583290862762	Marionette	INFO	Listening on port 51292
1583290862838	Marionette	WARN	TLS certificate errors will be ignored for this session
JavaScript warning: https://mars.nasa.gov/assets/public_manifest-076cf7f80cccb4056eac0fffddf9360fd7fa7cc779f9b9a2f48d0b629ea11fd1.js, line 2: Using //@ to indicate sourceMappingURL pragmas is deprecated. Use //# instead
JavaScript error: https://mars.nasa.gov/assets/mb_manifest-a0ae601bc18c852649e350709ab440161da58529f782ae84172c21f8ea27b714.js, line 1: TypeError: this.setViewportHeightVariable is not a function
JavaScript error: resource:///actors/ContentMetaChild.jsm, line 167: InvalidStateError: An attempt was made to use an object that is not, or is no longer, usable
JavaScript error: resource:///actors/ContentMetaChild.jsm, line 167: InvalidStateError: An attempt was made to use an object that is not, or is no longer, usable
1583293254334	mozrunner::runner	INFO	Running command: "/Applications/Firefox.app/Contents/MacOS/firefox-bin" "-marionette" "-foreground" "-no-remote" "-profile" "/var/folders/sw/nqsjqtb94hn6889yddz_j1br0000gn/T/rust_mozprofilex5SY55"
1583293254804	addons.webextension.doh-rollout@mozilla.org	WARN	Loading extension 'doh-rollout@mozilla.org': Reading manifest: Invalid extension permission: networkStatus
1583293254827	addons.webextension.screenshots@mozilla.org	WARN	Loading extension 'screenshots@mozilla.org': Reading manifest: Invalid extension permission: mozillaAddons
1583293254827	addons.webextension.screenshots@mozilla.org	WARN	Loading extension 'screenshots@mozilla.org': Reading manifest: Invalid extension permission: telemetry
1583293254827	addons.webextension.screenshots@mozilla.org	WARN	Loading extension 'screenshots@mozilla.org': Reading manifest: Invalid extension permission: resource://pdf.js/
1583293254827	addons.webextension.screenshots@mozilla.org	WARN	Loading extension 'screenshots@mozilla.org': Reading manifest: Invalid extension permission: about:reader*
1583293256499	Marionette	INFO	Listening on port 51651
1583293256590	Marionette	WARN	TLS certificate errors will be ignored for this session
JavaScript warning: https://mars.nasa.gov/assets/public_manifest-076cf7f80cccb4056eac0fffddf9360fd7fa7cc779f9b9a2f48d0b629ea11fd1.js, line 2: Using //@ to indicate sourceMappingURL pragmas is deprecated. Use //# instead
JavaScript error: https://mars.nasa.gov/assets/mb_manifest-a0ae601bc18c852649e350709ab440161da58529f782ae84172c21f8ea27b714.js, line 1: TypeError: this.setViewportHeightVariable is not a function
JavaScript error: resource:///actors/ContentMetaChild.jsm, line 167: InvalidStateError: An attempt was made to use an object that is not, or is no longer, usable
JavaScript error: resource:///actors/ContentMetaChild.jsm, line 167: InvalidStateError: An attempt was made to use an object that is not, or is no longer, usable
1583293370579	mozrunner::runner	INFO	Running command: "/Applications/Firefox.app/Contents/MacOS/firefox-bin" "-marionette" "-foreground" "-no-remote" "-profile" "/var/folders/sw/nqsjqtb94hn6889yddz_j1br0000gn/T/rust_mozprofileP5oTsG"
1583293371023	addons.webextension.doh-rollout@mozilla.org	WARN	Loading extension 'doh-rollout@mozilla.org': Reading manifest: Invalid extension permission: networkStatus
1583293371044	addons.webextension.screenshots@mozilla.org	WARN	Loading extension 'screenshots@mozilla.org': Reading manifest: Invalid extension permission: mozillaAddons
1583293371044	addons.webextension.screenshots@mozilla.org	WARN	Loading extension 'screenshots@mozilla.org': Reading manifest: Invalid extension permission: telemetry
1583293371045	addons.webextension.screenshots@mozilla.org	WARN	Loading extension 'screenshots@mozilla.org': Reading manifest: Invalid extension permission: resource://pdf.js/
1583293371045	addons.webextension.screenshots@mozilla.org	WARN	Loading extension 'screenshots@mozilla.org': Reading manifest: Invalid extension permission: about:reader*
1583293372664	Marionette	INFO	Listening on port 51798
1583293372730	Marionette	WARN	TLS certificate errors will be ignored for this session
JavaScript warning: https://mars.nasa.gov/assets/public_manifest-076cf7f80cccb4056eac0fffddf9360fd7fa7cc779f9b9a2f48d0b629ea11fd1.js, line 2: Using //@ to indicate sourceMappingURL pragmas is deprecated. Use //# instead
JavaScript error: https://mars.nasa.gov/assets/mb_manifest-a0ae601bc18c852649e350709ab440161da58529f782ae84172c21f8ea27b714.js, line 1: TypeError: this.setViewportHeightVariable is not a function
JavaScript error: resource:///actors/ContentMetaChild.jsm, line 167: InvalidStateError: An attempt was made to use an object that is not, or is no longer, usable
JavaScript error: resource:///actors/ContentMetaChild.jsm, line 167: InvalidStateError: An attempt was made to use an object that is not, or is no longer, usable
1583293845646	mozrunner::runner	INFO	Running command: "/Applications/Firefox.app/Contents/MacOS/firefox-bin" "-marionette" "-foreground" "-no-remote" "-profile" "/var/folders/sw/nqsjqtb94hn6889yddz_j1br0000gn/T/rust_mozprofile2hRqwU"
1583293846063	addons.webextension.doh-rollout@mozilla.org	WARN	Loading extension 'doh-rollout@mozilla.org': Reading manifest: Invalid extension permission: networkStatus
1583293846088	addons.webextension.screenshots@mozilla.org	WARN	Loading extension 'screenshots@mozilla.org': Reading manifest: Invalid extension permission: mozillaAddons
1583293846089	addons.webextension.screenshots@mozilla.org	WARN	Loading extension 'screenshots@mozilla.org': Reading manifest: Invalid extension permission: telemetry
1583293846089	addons.webextension.screenshots@mozilla.org	WARN	Loading extension 'screenshots@mozilla.org': Reading manifest: Invalid extension permission: resource://pdf.js/
1583293846089	addons.webextension.screenshots@mozilla.org	WARN	Loading extension 'screenshots@mozilla.org': Reading manifest: Invalid extension permission: about:reader*
1583293847750	Marionette	INFO	Listening on port 52036
1583293847801	Marionette	WARN	TLS certificate errors will be ignored for this session
JavaScript warning: https://mars.nasa.gov/assets/public_manifest-076cf7f80cccb4056eac0fffddf9360fd7fa7cc779f9b9a2f48d0b629ea11fd1.js, line 2: Using //@ to indicate sourceMappingURL pragmas is deprecated. Use //# instead
JavaScript error: https://mars.nasa.gov/assets/mb_manifest-a0ae601bc18c852649e350709ab440161da58529f782ae84172c21f8ea27b714.js, line 1: TypeError: this.setViewportHeightVariable is not a function
JavaScript error: resource:///actors/ContentMetaChild.jsm, line 167: InvalidStateError: An attempt was made to use an object that is not, or is no longer, usable
JavaScript error: resource:///actors/ContentMetaChild.jsm, line 167: InvalidStateError: An attempt was made to use an object that is not, or is no longer, usable
1583293979279	mozrunner::runner	INFO	Running command: "/Applications/Firefox.app/Contents/MacOS/firefox-bin" "-marionette" "-foreground" "-no-remote" "-profile" "/var/folders/sw/nqsjqtb94hn6889yddz_j1br0000gn/T/rust_mozprofilejagHoD"
1583293979659	addons.webextension.doh-rollout@mozilla.org	WARN	Loading extension 'doh-rollout@mozilla.org': Reading manifest: Invalid extension permission: networkStatus
1583293979679	addons.webextension.screenshots@mozilla.org	WARN	Loading extension 'screenshots@mozilla.org': Reading manifest: Invalid extension permission: mozillaAddons
1583293979680	addons.webextension.screenshots@mozilla.org	WARN	Loading extension 'screenshots@mozilla.org': Reading manifest: Invalid extension permission: telemetry
1583293979680	addons.webextension.screenshots@mozilla.org	WARN	Loading extension 'screenshots@mozilla.org': Reading manifest: Invalid extension permission: resource://pdf.js/
1583293979680	addons.webextension.screenshots@mozilla.org	WARN	Loading extension 'screenshots@mozilla.org': Reading manifest: Invalid extension permission: about:reader*
1583293981254	Marionette	INFO	Listening on port 52164
1583293981337	Marionette	WARN	TLS certificate errors will be ignored for this session
JavaScript warning: https://mars.nasa.gov/assets/public_manifest-076cf7f80cccb4056eac0fffddf9360fd7fa7cc779f9b9a2f48d0b629ea11fd1.js, line 2: Using //@ to indicate sourceMappingURL pragmas is deprecated. Use //# instead
JavaScript error: https://mars.nasa.gov/assets/mb_manifest-a0ae601bc18c852649e350709ab440161da58529f782ae84172c21f8ea27b714.js, line 1: TypeError: this.setViewportHeightVariable is not a function
JavaScript error: resource:///actors/ContentMetaChild.jsm, line 167: InvalidStateError: An attempt was made to use an object that is not, or is no longer, usable
JavaScript error: resource:///actors/ContentMetaChild.jsm, line 167: InvalidStateError: An attempt was made to use an object that is not, or is no longer, usable
1583293995447	mozrunner::runner	INFO	Running command: "/Applications/Firefox.app/Contents/MacOS/firefox-bin" "-marionette" "-foreground" "-no-remote" "-profile" "/var/folders/sw/nqsjqtb94hn6889yddz_j1br0000gn/T/rust_mozprofilePtfL6c"
1583293995931	addons.webextension.doh-rollout@mozilla.org	WARN	Loading extension 'doh-rollout@mozilla.org': Reading manifest: Invalid extension permission: networkStatus
1583293995952	addons.webextension.screenshots@mozilla.org	WARN	Loading extension 'screenshots@mozilla.org': Reading manifest: Invalid extension permission: mozillaAddons
1583293995952	addons.webextension.screenshots@mozilla.org	WARN	Loading extension 'screenshots@mozilla.org': Reading manifest: Invalid extension permission: telemetry
1583293995952	addons.webextension.screenshots@mozilla.org	WARN	Loading extension 'screenshots@mozilla.org': Reading manifest: Invalid extension permission: resource://pdf.js/
1583293995952	addons.webextension.screenshots@mozilla.org	WARN	Loading extension 'screenshots@mozilla.org': Reading manifest: Invalid extension permission: about:reader*
1583293997646	Marionette	INFO	Listening on port 52277
1583293997721	Marionette	WARN	TLS certificate errors will be ignored for this session
JavaScript warning: https://mars.nasa.gov/assets/public_manifest-076cf7f80cccb4056eac0fffddf9360fd7fa7cc779f9b9a2f48d0b629ea11fd1.js, line 2: Using //@ to indicate sourceMappingURL pragmas is deprecated. Use //# instead
JavaScript error: https://mars.nasa.gov/assets/mb_manifest-a0ae601bc18c852649e350709ab440161da58529f782ae84172c21f8ea27b714.js, line 1: TypeError: this.setViewportHeightVariable is not a function
JavaScript error: resource:///actors/ContentMetaChild.jsm, line 167: InvalidStateError: An attempt was made to use an object that is not, or is no longer, usable
JavaScript error: resource:///actors/ContentMetaChild.jsm, line 167: InvalidStateError: An attempt was made to use an object that is not, or is no longer, usable
1583294054393	mozrunner::runner	INFO	Running command: "/Applications/Firefox.app/Contents/MacOS/firefox-bin" "-marionette" "-foreground" "-no-remote" "-profile" "/var/folders/sw/nqsjqtb94hn6889yddz_j1br0000gn/T/rust_mozprofilebAbp3V"
1583294054799	addons.webextension.doh-rollout@mozilla.org	WARN	Loading extension 'doh-rollout@mozilla.org': Reading manifest: Invalid extension permission: networkStatus
1583294054823	addons.webextension.screenshots@mozilla.org	WARN	Loading extension 'screenshots@mozilla.org': Reading manifest: Invalid extension permission: mozillaAddons
1583294054823	addons.webextension.screenshots@mozilla.org	WARN	Loading extension 'screenshots@mozilla.org': Reading manifest: Invalid extension permission: telemetry
1583294054823	addons.webextension.screenshots@mozilla.org	WARN	Loading extension 'screenshots@mozilla.org': Reading manifest: Invalid extension permission: resource://pdf.js/
1583294054823	addons.webextension.screenshots@mozilla.org	WARN	Loading extension 'screenshots@mozilla.org': Reading manifest: Invalid extension permission: about:reader*
1583294056346	Marionette	INFO	Listening on port 52408
1583294056447	Marionette	WARN	TLS certificate errors will be ignored for this session
JavaScript warning: https://mars.nasa.gov/assets/public_manifest-076cf7f80cccb4056eac0fffddf9360fd7fa7cc779f9b9a2f48d0b629ea11fd1.js, line 2: Using //@ to indicate sourceMappingURL pragmas is deprecated. Use //# instead
JavaScript error: https://mars.nasa.gov/assets/mb_manifest-a0ae601bc18c852649e350709ab440161da58529f782ae84172c21f8ea27b714.js, line 1: TypeError: this.setViewportHeightVariable is not a function
JavaScript error: resource:///actors/ContentMetaChild.jsm, line 167: InvalidStateError: An attempt was made to use an object that is not, or is no longer, usable
JavaScript error: resource:///actors/ContentMetaChild.jsm, line 167: InvalidStateError: An attempt was made to use an object that is not, or is no longer, usable
1583298922113	Marionette	INFO	Stopped listening on port 52408
1583298925610	Marionette	INFO	Stopped listening on port 52277
1583298929194	Marionette	INFO	Stopped listening on port 52164
1583298939251	Marionette	INFO	Stopped listening on port 52036
1583298968139	mozrunner::runner	INFO	Running command: "/Applications/Firefox.app/Contents/MacOS/firefox-bin" "-marionette" "-foreground" "-no-remote" "-profile" "/var/folders/sw/nqsjqtb94hn6889yddz_j1br0000gn/T/rust_mozprofileOuwepJ"
1583298968700	addons.webextension.doh-rollout@mozilla.org	WARN	Loading extension 'doh-rollout@mozilla.org': Reading manifest: Invalid extension permission: networkStatus
1583298968723	addons.webextension.screenshots@mozilla.org	WARN	Loading extension 'screenshots@mozilla.org': Reading manifest: Invalid extension permission: mozillaAddons
1583298968723	addons.webextension.screenshots@mozilla.org	WARN	Loading extension 'screenshots@mozilla.org': Reading manifest: Invalid extension permission: telemetry
1583298968723	addons.webextension.screenshots@mozilla.org	WARN	Loading extension 'screenshots@mozilla.org': Reading manifest: Invalid extension permission: resource://pdf.js/
1583298968723	addons.webextension.screenshots@mozilla.org	WARN	Loading extension 'screenshots@mozilla.org': Reading manifest: Invalid extension permission: about:reader*
1583298970313	Marionette	INFO	Listening on port 52736
1583298970406	Marionette	WARN	TLS certificate errors will be ignored for this session
JavaScript warning: https://mars.nasa.gov/assets/public_manifest-076cf7f80cccb4056eac0fffddf9360fd7fa7cc779f9b9a2f48d0b629ea11fd1.js, line 2: Using //@ to indicate sourceMappingURL pragmas is deprecated. Use //# instead
JavaScript error: https://mars.nasa.gov/assets/mb_manifest-a0ae601bc18c852649e350709ab440161da58529f782ae84172c21f8ea27b714.js, line 1: TypeError: this.setViewportHeightVariable is not a function
JavaScript error: resource:///actors/ContentMetaChild.jsm, line 167: InvalidStateError: An attempt was made to use an object that is not, or is no longer, usable
JavaScript error: resource:///actors/ContentMetaChild.jsm, line 167: InvalidStateError: An attempt was made to use an object that is not, or is no longer, usable
